Using pre-set license
Built from '2020.3/staging' branch; Version is '2020.3.22f1 (e1a7f79fd887) revision 14788599'; Using compiler version '192528614'; Build Type 'Release'
OS: 'Windows 10 Education N; OS build 19043.1415; Version 2009; 64bit' Language: 'en' Physical Memory: 3995 MB
BatchMode: 1, IsHumanControllingUs: 0, StartBugReporterOnCrash: 0, Is64bit: 1, IsPro: 0

COMMAND LINE ARGUMENTS:
C:\Program Files\Unity\Hub\Editor\2020.3.22f1\Editor\Unity.exe
-adb2
-batchMode
-noUpm
-name
AssetImportWorker0
-projectPath
C:/Users/Admin/Downloads/Compressed/SuperRetroShooter_Starter
-logFile
Logs/AssetImportWorker0.log
-srvPort
60355
Successfully changed project path to: C:/Users/Admin/Downloads/Compressed/SuperRetroShooter_Starter
C:/Users/Admin/Downloads/Compressed/SuperRetroShooter_Starter
Using Asset Import Pipeline V2.
Refreshing native plugins compatible for Editor in 42.18 ms, found 2 plugins.
Preloading 0 native plugins for Editor in 0.00 ms.
Initialize engine version: 2020.3.22f1 (e1a7f79fd887)
[Subsystems] Discovering subsystems at path C:/Program Files/Unity/Hub/Editor/2020.3.22f1/Editor/Data/Resources/UnitySubsystems
[Subsystems] Discovering subsystems at path C:/Users/Admin/Downloads/Compressed/SuperRetroShooter_Starter/Assets
GfxDevice: creating device client; threaded=0
Direct3D:
    Version:  Direct3D 11.0 [level 11.0]
    Renderer: NVIDIA GeForce 940M (ID=0x1347)
    Vendor:   
    VRAM:     2020 MB
    Driver:   23.21.13.8857
Initialize mono
Mono path[0] = 'C:/Program Files/Unity/Hub/Editor/2020.3.22f1/Editor/Data/Managed'
Mono path[1] = 'C:/Program Files/Unity/Hub/Editor/2020.3.22f1/Editor/Data/MonoBleedingEdge/lib/mono/unityjit'
Mono config path = 'C:/Program Files/Unity/Hub/Editor/2020.3.22f1/Editor/Data/MonoBleedingEdge/etc'
Using monoOptions --debugger-agent=transport=dt_socket,embedding=1,server=y,suspend=n,address=127.0.0.1:56576
Begin MonoManager ReloadAssembly
Registering precompiled unity dll's ...
Register platform support module: C:/Program Files/Unity/Hub/Editor/2020.3.22f1/Editor/Data/PlaybackEngines/WebGLSupport/UnityEditor.WebGL.Extensions.dll
Register platform support module: C:/Program Files/Unity/Hub/Editor/2020.3.22f1/Editor/Data/PlaybackEngines/WindowsStandaloneSupport/UnityEditor.WindowsStandalone.Extensions.dll
Registered in 0.005848 seconds.
Native extension for WindowsStandalone target not found
Native extension for WebGL target not found
Refreshing native plugins compatible for Editor in 47.05 ms, found 2 plugins.
Preloading 0 native plugins for Editor in 0.00 ms.
Mono: successfully reloaded assembly
- Completed reload, in  8.306 seconds
Domain Reload Profiling:
	ReloadAssembly (8306ms)
		BeginReloadAssembly (73ms)
			ExecutionOrderSort (0ms)
			DisableScriptedObjects (0ms)
			BackupInstance (0ms)
			ReleaseScriptingObjects (0ms)
			CreateAndSetChildDomain (1ms)
		EndReloadAssembly (642ms)
			LoadAssemblies (72ms)
			RebuildTransferFunctionScriptingTraits (0ms)
			SetupTypeCache (211ms)
			ReleaseScriptCaches (0ms)
			RebuildScriptCaches (45ms)
			SetupLoadedEditorAssemblies (239ms)
				LogAssemblyErrors (0ms)
				InitializePlatformSupportModulesInManaged (6ms)
				SetLoadedEditorAssemblies (0ms)
				RefreshPlugins (47ms)
				BeforeProcessingInitializeOnLoad (19ms)
				ProcessInitializeOnLoadAttributes (125ms)
				ProcessInitializeOnLoadMethodAttributes (40ms)
				AfterProcessingInitializeOnLoad (0ms)
				EditorAssembliesLoaded (0ms)
			ExecutionOrderSort2 (0ms)
			AwakeInstancesAfterBackupRestoration (0ms)
Platform modules already initialized, skipping
Registering precompiled user dll's ...
Registered in 0.023856 seconds.
Begin MonoManager ReloadAssembly
Native extension for WindowsStandalone target not found
Native extension for WebGL target not found
Refreshing native plugins compatible for Editor in 0.43 ms, found 2 plugins.
Preloading 0 native plugins for Editor in 0.00 ms.
Mono: successfully reloaded assembly
- Completed reload, in  1.495 seconds
Domain Reload Profiling:
	ReloadAssembly (1497ms)
		BeginReloadAssembly (194ms)
			ExecutionOrderSort (0ms)
			DisableScriptedObjects (6ms)
			BackupInstance (0ms)
			ReleaseScriptingObjects (0ms)
			CreateAndSetChildDomain (25ms)
		EndReloadAssembly (1222ms)
			LoadAssemblies (179ms)
			RebuildTransferFunctionScriptingTraits (0ms)
			SetupTypeCache (388ms)
			ReleaseScriptCaches (1ms)
			RebuildScriptCaches (95ms)
			SetupLoadedEditorAssemblies (427ms)
				LogAssemblyErrors (0ms)
				InitializePlatformSupportModulesInManaged (8ms)
				SetLoadedEditorAssemblies (1ms)
				RefreshPlugins (1ms)
				BeforeProcessingInitializeOnLoad (113ms)
				ProcessInitializeOnLoadAttributes (283ms)
				ProcessInitializeOnLoadMethodAttributes (14ms)
				AfterProcessingInitializeOnLoad (7ms)
				EditorAssembliesLoaded (0ms)
			ExecutionOrderSort2 (0ms)
			AwakeInstancesAfterBackupRestoration (9ms)
Platform modules already initialized, skipping
========================================================================
Worker process is ready to serve import requests
Launched and connected shader compiler UnityShaderCompiler.exe after 0.14 seconds
Refreshing native plugins compatible for Editor in 0.48 ms, found 2 plugins.
Preloading 0 native plugins for Editor in 0.00 ms.
Unloading 1499 Unused Serialized files (Serialized files now loaded: 0)
System memory in use before: 68.6 MB.
System memory in use after: 68.7 MB.

Unloading 19 unused Assets to reduce memory usage. Loaded Objects now: 1930.
Total: 4.929600 ms (FindLiveObjects: 0.231100 ms CreateObjectMapping: 0.206300 ms MarkObjects: 4.393600 ms  DeleteObjects: 0.096600 ms)

AssetImportParameters requested are different than current active one (requested -> active):
  custom:video-decoder-ogg-theora: a1e56fd34408186e4bbccfd4996cb3dc -> 
  custom:container-muxer-webm: aa71ff27fc2769a1b78a27578f13a17b -> 
  custom:container-demuxer-webm: 4f35f7cbe854078d1ac9338744f61a02 -> 
  custom:container-demuxer-ogg: 62fdf1f143b41e24485cea50d1cbac27 -> 
  custom:video-encoder-webm-vp8: eb34c28f22e8b96e1ab97ce403110664 -> 
  custom:video-decoder-webm-vp8: 9c59270c3fd7afecdb556c50c9e8de78 -> 
  custom:audio-decoder-ogg-vorbis: bf7c407c2cedff20999df2af8eb42d56 -> 
  custom:audio-encoder-webm-vorbis: bf7c407c2cedff20999df2af8eb42d56 -> 
========================================================================
Received Import Request.
  path: Assets/myMaterial.mat
  artifactKey: Guid(7d82d9310577d3c4f83a58906e0d32e3) Importer(815301076,1909f56bfc062723c751e8b465ee728b)
Start importing Assets/myMaterial.mat using Guid(7d82d9310577d3c4f83a58906e0d32e3) Importer(815301076,1909f56bfc062723c751e8b465ee728b)  -> (artifact id: '2a4bea6de22c95720a0df6a612c02b94') in 0.188405 seconds 
  Import took 0.193894 seconds .

========================================================================
Received Import Request.
  Time since last request: 17.003783 seconds.
  path: Assets/myMaterial
  artifactKey: Guid(de8b83c046d075645b94449920a3760f) Importer(815301076,1909f56bfc062723c751e8b465ee728b)
Start importing Assets/myMaterial using Guid(de8b83c046d075645b94449920a3760f) Importer(815301076,1909f56bfc062723c751e8b465ee728b)  -> (artifact id: 'bf25cf456b145b27a92ef9af19dd5f2f') in 0.007203 seconds 
  Import took 0.014238 seconds .

========================================================================
Received Import Request.
  Time since last request: 12.463366 seconds.
  path: Assets/myMaterial/58070608.c5df31221e74f3f6e268d766e4f1872d.20060909.jpg
  artifactKey: Guid(8a8d124a1523bdb48b068ae9ae1d0d66) Importer(815301076,1909f56bfc062723c751e8b465ee728b)
Start importing Assets/myMaterial/58070608.c5df31221e74f3f6e268d766e4f1872d.20060909.jpg using Guid(8a8d124a1523bdb48b068ae9ae1d0d66) Importer(815301076,1909f56bfc062723c751e8b465ee728b)  -> (artifact id: 'e469630b5abba0b1f2857efa9f86c10b') in 0.122018 seconds 
  Import took 0.127251 seconds .

========================================================================
Received Import Request.
  Time since last request: 457.046537 seconds.
  path: Assets/myMaterial/58070608.c5df31221e74f3f6e268d766e4f1872d.20060909.jpg
  artifactKey: Guid(8a8d124a1523bdb48b068ae9ae1d0d66) Importer(815301076,1909f56bfc062723c751e8b465ee728b)
Start importing Assets/myMaterial/58070608.c5df31221e74f3f6e268d766e4f1872d.20060909.jpg using Guid(8a8d124a1523bdb48b068ae9ae1d0d66) Importer(815301076,1909f56bfc062723c751e8b465ee728b)  -> (artifact id: 'f4fa13dff5185f54968f8311219d33f7') in 0.041514 seconds 
  Import took 0.047302 seconds .

